{
  "RSpec": {
    "coverage": {
      "/Users/andacabrera29/Desktop/sinatra_ttt/ttt.rb": [
        1,
        1,
        1,
        null,
        1,
        8,
        8,
        8,
        null,
        null,
        1,
        1,
        null,
        null,
        1,
        1,
        1,
        null,
        null,
        1,
        1,
        null,
        null,
        1,
        1,
        1,
        null,
        null,
        1,
        2,
        2,
        2,
        2,
        null,
        2,
        2,
        1,
        null,
        1,
        null,
        null,
        null,
        1,
        2,
        2,
        2,
        2,
        2,
        1,
        null,
        1,
        null,
        null,
        null,
        null,
        1,
        2,
        null,
        null,
        null,
        1,
        2,
        null,
        null,
        1,
        2,
        null
      ]
    },
    "timestamp": 1454022790
  }
}
